Arguments: 
  C:\Program Files\nodejs\node.exe C:\Users\Home\AppData\Roaming\npm\node_modules\yarn\bin\yarn.js init

PATH: 
  C:\Users\Home\bin;C:\Program Files\Git\mingw64\bin;C:\Program Files\Git\usr\local\bin;C:\Program Files\Git\usr\bin;C:\Program Files\Git\usr\bin;C:\Program Files\Git\mingw64\bin;C:\Program Files\Git\usr\bin;C:\Users\Home\bin;C:\Windows\system32;C:\Windows;C:\Windows\System32\Wbem;C:\Windows\System32\WindowsPowerShell\v1.0;C:\Program Files (x86)\Skype\Phone;C:\Program Files\Git\cmd;C:\Program Files\nodejs;C:\Users\Home\AppData\Local\Microsoft\WindowsApps;C:\Program Files\Microsoft VS Code\bin;C:\Users\Home\AppData\Roaming\npm;C:\Program Files\Git\usr\bin\vendor_perl;C:\Program Files\Git\usr\bin\core_perl

Yarn version: 
  1.6.0

Node version: 
  9.4.0

Platform: 
  win32 x64

Trace: 
  Error: Can't answer a question unless a user TTY
      at ConsoleReporter.question (C:\Users\Home\AppData\Roaming\npm\node_modules\yarn\lib\cli.js:93239:59)
      at Object.<anonymous> (C:\Users\Home\AppData\Roaming\npm\node_modules\yarn\lib\cli.js:86193:38)
      at Generator.next (<anonymous>)
      at step (C:\Users\Home\AppData\Roaming\npm\node_modules\yarn\lib\cli.js:98:30)
      at C:\Users\Home\AppData\Roaming\npm\node_modules\yarn\lib\cli.js:109:13
      at <anonymous>
      at process._tickCallback (internal/process/next_tick.js:160:7)

npm manifest: 
  {
    "name": "react-hot-boilerplate",
    "version": "1.0.0",
    "description": "Boilerplate for ReactJS project with hot code reloading",
    "scripts": {
      "start": "node server.js",
      "lint": "eslint src"
    },
    "repository": {
      "type": "git",
      "url": "https://github.com/gaearon/react-hot-boilerplate.git"
    },
    "keywords": [
      "react",
      "reactjs",
      "boilerplate",
      "hot",
      "reload",
      "hmr",
      "live",
      "edit",
      "webpack"
    ],
    "author": "Dan Abramov <dan.abramov@me.com> (http://github.com/gaearon)",
    "license": "MIT",
    "bugs": {
      "url": "https://github.com/gaearon/react-hot-boilerplate/issues"
    },
    "homepage": "https://github.com/gaearon/react-hot-boilerplate",
    "devDependencies": {
      "babel-core": "^6.0.20",
      "babel-eslint": "^4.1.3",
      "babel-loader": "^6.0.1",
      "babel-preset-es2015": "^6.0.15",
      "babel-preset-react": "^6.0.15",
      "babel-preset-stage-0": "^6.0.15",
      "eslint": "^1.10.3",
      "eslint-plugin-react": "^3.6.2",
      "express": "^4.13.4",
      "react-hot-loader": "^1.3.0",
      "webpack": "^1.12.2",
      "webpack-dev-middleware": "^1.6.1",
      "webpack-hot-middleware": "^2.10.0"
    },
    "dependencies": {
      "react": "^0.14.6",
      "react-dom": "^0.14.6"
    }
  }

yarn manifest: 
  No manifest

Lockfile: 
  No lockfile
